2025-08-08T19:02:47: Error: Cannot find module 'express'
2025-08-08T19:02:47: Require stack:
2025-08-08T19:02:47: - /home/haresh/Desktop/services/backend/api-gateway/index.js
2025-08-08T19:02:47:     at Module._resolveFilename (node:internal/modules/cjs/loader:1405:15)
2025-08-08T19:02:47:     at Hook._require.Module.require (/home/haresh/.nvm/versions/node/v24.1.0/lib/node_modules/pm2/node_modules/require-in-the-middle/index.js:81:25)
2025-08-08T19:02:47:     at require (node:internal/modules/helpers:135:16)
2025-08-08T19:02:47:     at Object.<anonymous> (/home/haresh/Desktop/services/backend/api-gateway/index.js:6:17)
2025-08-08T19:02:47:     at Module._compile (node:internal/modules/cjs/loader:1734:14)
2025-08-08T19:02:47:     at Object..js (node:internal/modules/cjs/loader:1899:10)
2025-08-08T19:02:47:     at Module.load (node:internal/modules/cjs/loader:1469:32)
2025-08-08T19:02:47:     at Module._load (node:internal/modules/cjs/loader:1286:12)
2025-08-08T19:02:47:     at Object.<anonymous> (/home/haresh/.nvm/versions/node/v24.1.0/lib/node_modules/pm2/lib/ProcessContainerFork.js:33:23)
2025-08-08T19:02:47:     at Module._compile (node:internal/modules/cjs/loader:1734:14) {
2025-08-08T19:02:47:   code: 'MODULE_NOT_FOUND',
2025-08-08T19:02:47:   requireStack: [ '/home/haresh/Desktop/services/backend/api-gateway/index.js' ]
2025-08-08T19:02:47: }
2025-08-08T19:02:51: Error: Cannot find module 'express'
2025-08-08T19:02:51: Require stack:
2025-08-08T19:02:51: - /home/haresh/Desktop/services/backend/api-gateway/index.js
2025-08-08T19:02:51:     at Module._resolveFilename (node:internal/modules/cjs/loader:1405:15)
2025-08-08T19:02:51:     at Hook._require.Module.require (/home/haresh/.nvm/versions/node/v24.1.0/lib/node_modules/pm2/node_modules/require-in-the-middle/index.js:81:25)
2025-08-08T19:02:51:     at require (node:internal/modules/helpers:135:16)
2025-08-08T19:02:51:     at Object.<anonymous> (/home/haresh/Desktop/services/backend/api-gateway/index.js:6:17)
2025-08-08T19:02:51:     at Module._compile (node:internal/modules/cjs/loader:1734:14)
2025-08-08T19:02:51:     at Object..js (node:internal/modules/cjs/loader:1899:10)
2025-08-08T19:02:51:     at Module.load (node:internal/modules/cjs/loader:1469:32)
2025-08-08T19:02:51:     at Module._load (node:internal/modules/cjs/loader:1286:12)
2025-08-08T19:02:51:     at Object.<anonymous> (/home/haresh/.nvm/versions/node/v24.1.0/lib/node_modules/pm2/lib/ProcessContainerFork.js:33:23)
2025-08-08T19:02:51:     at Module._compile (node:internal/modules/cjs/loader:1734:14) {
2025-08-08T19:02:51:   code: 'MODULE_NOT_FOUND',
2025-08-08T19:02:51:   requireStack: [ '/home/haresh/Desktop/services/backend/api-gateway/index.js' ]
2025-08-08T19:02:51: }
2025-08-08T19:02:55: Error: Cannot find module 'express'
2025-08-08T19:02:55: Require stack:
2025-08-08T19:02:55: - /home/haresh/Desktop/services/backend/api-gateway/index.js
2025-08-08T19:02:55:     at Module._resolveFilename (node:internal/modules/cjs/loader:1405:15)
2025-08-08T19:02:55:     at Hook._require.Module.require (/home/haresh/.nvm/versions/node/v24.1.0/lib/node_modules/pm2/node_modules/require-in-the-middle/index.js:81:25)
2025-08-08T19:02:55:     at require (node:internal/modules/helpers:135:16)
2025-08-08T19:02:55:     at Object.<anonymous> (/home/haresh/Desktop/services/backend/api-gateway/index.js:6:17)
2025-08-08T19:02:55:     at Module._compile (node:internal/modules/cjs/loader:1734:14)
2025-08-08T19:02:55:     at Object..js (node:internal/modules/cjs/loader:1899:10)
2025-08-08T19:02:55:     at Module.load (node:internal/modules/cjs/loader:1469:32)
2025-08-08T19:02:55:     at Module._load (node:internal/modules/cjs/loader:1286:12)
2025-08-08T19:02:55:     at Object.<anonymous> (/home/haresh/.nvm/versions/node/v24.1.0/lib/node_modules/pm2/lib/ProcessContainerFork.js:33:23)
2025-08-08T19:02:55:     at Module._compile (node:internal/modules/cjs/loader:1734:14) {
2025-08-08T19:02:55:   code: 'MODULE_NOT_FOUND',
2025-08-08T19:02:55:   requireStack: [ '/home/haresh/Desktop/services/backend/api-gateway/index.js' ]
2025-08-08T19:02:55: }
2025-08-08T19:03:00: Error: Cannot find module 'express'
2025-08-08T19:03:00: Require stack:
2025-08-08T19:03:00: - /home/haresh/Desktop/services/backend/api-gateway/index.js
2025-08-08T19:03:00:     at Module._resolveFilename (node:internal/modules/cjs/loader:1405:15)
2025-08-08T19:03:00:     at Hook._require.Module.require (/home/haresh/.nvm/versions/node/v24.1.0/lib/node_modules/pm2/node_modules/require-in-the-middle/index.js:81:25)
2025-08-08T19:03:00:     at require (node:internal/modules/helpers:135:16)
2025-08-08T19:03:00:     at Object.<anonymous> (/home/haresh/Desktop/services/backend/api-gateway/index.js:6:17)
2025-08-08T19:03:00:     at Module._compile (node:internal/modules/cjs/loader:1734:14)
2025-08-08T19:03:00:     at Object..js (node:internal/modules/cjs/loader:1899:10)
2025-08-08T19:03:00:     at Module.load (node:internal/modules/cjs/loader:1469:32)
2025-08-08T19:03:00:     at Module._load (node:internal/modules/cjs/loader:1286:12)
2025-08-08T19:03:00:     at Object.<anonymous> (/home/haresh/.nvm/versions/node/v24.1.0/lib/node_modules/pm2/lib/ProcessContainerFork.js:33:23)
2025-08-08T19:03:00:     at Module._compile (node:internal/modules/cjs/loader:1734:14) {
2025-08-08T19:03:00:   code: 'MODULE_NOT_FOUND',
2025-08-08T19:03:00:   requireStack: [ '/home/haresh/Desktop/services/backend/api-gateway/index.js' ]
2025-08-08T19:03:00: }
2025-08-08T19:03:04: Error: Cannot find module 'express'
2025-08-08T19:03:04: Require stack:
2025-08-08T19:03:04: - /home/haresh/Desktop/services/backend/api-gateway/index.js
2025-08-08T19:03:04:     at Module._resolveFilename (node:internal/modules/cjs/loader:1405:15)
2025-08-08T19:03:04:     at Hook._require.Module.require (/home/haresh/.nvm/versions/node/v24.1.0/lib/node_modules/pm2/node_modules/require-in-the-middle/index.js:81:25)
2025-08-08T19:03:04:     at require (node:internal/modules/helpers:135:16)
2025-08-08T19:03:04:     at Object.<anonymous> (/home/haresh/Desktop/services/backend/api-gateway/index.js:6:17)
2025-08-08T19:03:04:     at Module._compile (node:internal/modules/cjs/loader:1734:14)
2025-08-08T19:03:04:     at Object..js (node:internal/modules/cjs/loader:1899:10)
2025-08-08T19:03:04:     at Module.load (node:internal/modules/cjs/loader:1469:32)
2025-08-08T19:03:04:     at Module._load (node:internal/modules/cjs/loader:1286:12)
2025-08-08T19:03:04:     at Object.<anonymous> (/home/haresh/.nvm/versions/node/v24.1.0/lib/node_modules/pm2/lib/ProcessContainerFork.js:33:23)
2025-08-08T19:03:04:     at Module._compile (node:internal/modules/cjs/loader:1734:14) {
2025-08-08T19:03:04:   code: 'MODULE_NOT_FOUND',
2025-08-08T19:03:04:   requireStack: [ '/home/haresh/Desktop/services/backend/api-gateway/index.js' ]
2025-08-08T19:03:04: }
2025-08-08T19:09:28: Error: Cannot find module 'axios'
2025-08-08T19:09:28: Require stack:
2025-08-08T19:09:28: - /home/haresh/Desktop/services/backend/api-gateway/index.js
2025-08-08T19:09:28:     at Module._resolveFilename (node:internal/modules/cjs/loader:1405:15)
2025-08-08T19:09:28:     at Hook._require.Module.require (/home/haresh/.nvm/versions/node/v24.1.0/lib/node_modules/pm2/node_modules/require-in-the-middle/index.js:81:25)
2025-08-08T19:09:28:     at require (node:internal/modules/helpers:135:16)
2025-08-08T19:09:28:     at /home/haresh/Desktop/services/backend/api-gateway/index.js:88:17
2025-08-08T19:09:28:     at Layer.handle [as handle_request] (/home/haresh/Desktop/services/backend/api-gateway/node_modules/express/lib/router/layer.js:95:5)
2025-08-08T19:09:28:     at next (/home/haresh/Desktop/services/backend/api-gateway/node_modules/express/lib/router/route.js:149:13)
2025-08-08T19:09:28:     at Route.dispatch (/home/haresh/Desktop/services/backend/api-gateway/node_modules/express/lib/router/route.js:119:3)
2025-08-08T19:09:28:     at Layer.handle [as handle_request] (/home/haresh/Desktop/services/backend/api-gateway/node_modules/express/lib/router/layer.js:95:5)
2025-08-08T19:09:28:     at /home/haresh/Desktop/services/backend/api-gateway/node_modules/express/lib/router/index.js:284:15
2025-08-08T19:09:28:     at router.process_params (/home/haresh/Desktop/services/backend/api-gateway/node_modules/express/lib/router/index.js:346:12) {
2025-08-08T19:09:28:   code: 'MODULE_NOT_FOUND',
2025-08-08T19:09:28:   requireStack: [ '/home/haresh/Desktop/services/backend/api-gateway/index.js' ]
2025-08-08T19:09:28: }
2025-08-08T19:13:57: (node:109584) [DEP0060] DeprecationWarning: The `util._extend` API is deprecated. Please use Object.assign() instead.
2025-08-08T19:13:57: (Use `node --trace-deprecation ...` to show where the warning was created)
2025-08-08T19:15:21: [HPM] ECONNRESET: Error: socket hang up
2025-08-08T19:15:21:     at Socket.socketCloseListener (node:_http_client:491:27)
2025-08-08T19:15:21:     at Socket.emit (node:events:519:35)
2025-08-08T19:15:21:     at TCP.<anonymous> (node:net:351:12) {
2025-08-08T19:15:21:   code: 'ECONNRESET'
2025-08-08T19:15:21: }
2025-08-08T19:15:52: [HPM] ECONNRESET: Error: socket hang up
2025-08-08T19:15:52:     at Socket.socketCloseListener (node:_http_client:491:27)
2025-08-08T19:15:52:     at Socket.emit (node:events:519:35)
2025-08-08T19:15:52:     at TCP.<anonymous> (node:net:351:12) {
2025-08-08T19:15:52:   code: 'ECONNRESET'
2025-08-08T19:15:52: }
2025-08-08T19:16:35: [HPM] ECONNRESET: Error: socket hang up
2025-08-08T19:16:35:     at Socket.socketCloseListener (node:_http_client:491:27)
2025-08-08T19:16:35:     at Socket.emit (node:events:519:35)
2025-08-08T19:16:35:     at TCP.<anonymous> (node:net:351:12) {
2025-08-08T19:16:35:   code: 'ECONNRESET'
2025-08-08T19:16:35: }
2025-08-08T19:16:55: [HPM] ECONNRESET: Error: socket hang up
2025-08-08T19:16:55:     at Socket.socketCloseListener (node:_http_client:491:27)
2025-08-08T19:16:55:     at Socket.emit (node:events:519:35)
2025-08-08T19:16:55:     at TCP.<anonymous> (node:net:351:12) {
2025-08-08T19:16:55:   code: 'ECONNRESET'
2025-08-08T19:16:55: }
2025-08-08T19:17:27: [HPM] ECONNRESET: Error: socket hang up
2025-08-08T19:17:27:     at Socket.socketCloseListener (node:_http_client:491:27)
2025-08-08T19:17:27:     at Socket.emit (node:events:519:35)
2025-08-08T19:17:27:     at TCP.<anonymous> (node:net:351:12) {
2025-08-08T19:17:27:   code: 'ECONNRESET'
2025-08-08T19:17:27: }
2025-08-08T19:22:32: [HPM] ECONNRESET: Error: socket hang up
2025-08-08T19:22:32:     at Socket.socketCloseListener (node:_http_client:491:27)
2025-08-08T19:22:32:     at Socket.emit (node:events:519:35)
2025-08-08T19:22:32:     at TCP.<anonymous> (node:net:351:12) {
2025-08-08T19:22:32:   code: 'ECONNRESET'
2025-08-08T19:22:32: }
2025-08-08T19:28:14: [HPM] ECONNRESET: Error: socket hang up
2025-08-08T19:28:14:     at Socket.socketCloseListener (node:_http_client:491:27)
2025-08-08T19:28:14:     at Socket.emit (node:events:519:35)
2025-08-08T19:28:14:     at TCP.<anonymous> (node:net:351:12) {
2025-08-08T19:28:14:   code: 'ECONNRESET'
2025-08-08T19:28:14: }
2025-08-08T19:28:27: [HPM] ECONNRESET: Error: socket hang up
2025-08-08T19:28:27:     at Socket.socketCloseListener (node:_http_client:491:27)
2025-08-08T19:28:27:     at Socket.emit (node:events:519:35)
2025-08-08T19:28:27:     at TCP.<anonymous> (node:net:351:12) {
2025-08-08T19:28:27:   code: 'ECONNRESET'
2025-08-08T19:28:27: }
2025-08-08T19:29:19: [HPM] ECONNRESET: Error: socket hang up
2025-08-08T19:29:19:     at Socket.socketCloseListener (node:_http_client:491:27)
2025-08-08T19:29:19:     at Socket.emit (node:events:519:35)
2025-08-08T19:29:19:     at TCP.<anonymous> (node:net:351:12) {
2025-08-08T19:29:19:   code: 'ECONNRESET'
2025-08-08T19:29:19: }
2025-08-08T19:31:48: Proxy error for orders: connect ECONNREFUSED 127.0.0.1:3005
2025-08-08T19:31:48: [HPM] Error occurred while proxying request localhost:8000/api/v1?sellerId=6895fc2fc8976794b14a5fce to http://localhost:3005/ [ECONNREFUSED] (https://nodejs.org/api/errors.html#errors_common_system_errors)
