2025-08-08T19:02:47: Error: Cannot find module 'express'
2025-08-08T19:02:47: Require stack:
2025-08-08T19:02:47: - /home/haresh/Desktop/services/backend/sellers/app.js
2025-08-08T19:02:47: - /home/haresh/Desktop/services/backend/sellers/index.js
2025-08-08T19:02:47:     at Module._resolveFilename (node:internal/modules/cjs/loader:1405:15)
2025-08-08T19:02:47:     at Hook._require.Module.require (/home/haresh/.nvm/versions/node/v24.1.0/lib/node_modules/pm2/node_modules/require-in-the-middle/index.js:81:25)
2025-08-08T19:02:47:     at require (node:internal/modules/helpers:135:16)
2025-08-08T19:02:47:     at Object.<anonymous> (/home/haresh/Desktop/services/backend/sellers/app.js:6:17)
2025-08-08T19:02:47:     at Module._compile (node:internal/modules/cjs/loader:1734:14)
2025-08-08T19:02:47:     at Object..js (node:internal/modules/cjs/loader:1899:10)
2025-08-08T19:02:47:     at Module.load (node:internal/modules/cjs/loader:1469:32)
2025-08-08T19:02:47:     at Module._load (node:internal/modules/cjs/loader:1286:12)
2025-08-08T19:02:47:     at TracingChannel.traceSync (node:diagnostics_channel:322:14)
2025-08-08T19:02:47:     at wrapModuleLoad (node:internal/modules/cjs/loader:235:24) {
2025-08-08T19:02:47:   code: 'MODULE_NOT_FOUND',
2025-08-08T19:02:47:   requireStack: [
2025-08-08T19:02:47:     '/home/haresh/Desktop/services/backend/sellers/app.js',
2025-08-08T19:02:47:     '/home/haresh/Desktop/services/backend/sellers/index.js'
2025-08-08T19:02:47:   ]
2025-08-08T19:02:47: }
2025-08-08T19:02:51: Error: Cannot find module 'express'
2025-08-08T19:02:51: Require stack:
2025-08-08T19:02:51: - /home/haresh/Desktop/services/backend/sellers/app.js
2025-08-08T19:02:51: - /home/haresh/Desktop/services/backend/sellers/index.js
2025-08-08T19:02:51:     at Module._resolveFilename (node:internal/modules/cjs/loader:1405:15)
2025-08-08T19:02:51:     at Hook._require.Module.require (/home/haresh/.nvm/versions/node/v24.1.0/lib/node_modules/pm2/node_modules/require-in-the-middle/index.js:81:25)
2025-08-08T19:02:51:     at require (node:internal/modules/helpers:135:16)
2025-08-08T19:02:51:     at Object.<anonymous> (/home/haresh/Desktop/services/backend/sellers/app.js:6:17)
2025-08-08T19:02:51:     at Module._compile (node:internal/modules/cjs/loader:1734:14)
2025-08-08T19:02:51:     at Object..js (node:internal/modules/cjs/loader:1899:10)
2025-08-08T19:02:51:     at Module.load (node:internal/modules/cjs/loader:1469:32)
2025-08-08T19:02:51:     at Module._load (node:internal/modules/cjs/loader:1286:12)
2025-08-08T19:02:51:     at TracingChannel.traceSync (node:diagnostics_channel:322:14)
2025-08-08T19:02:51:     at wrapModuleLoad (node:internal/modules/cjs/loader:235:24) {
2025-08-08T19:02:51:   code: 'MODULE_NOT_FOUND',
2025-08-08T19:02:51:   requireStack: [
2025-08-08T19:02:51:     '/home/haresh/Desktop/services/backend/sellers/app.js',
2025-08-08T19:02:51:     '/home/haresh/Desktop/services/backend/sellers/index.js'
2025-08-08T19:02:51:   ]
2025-08-08T19:02:51: }
2025-08-08T19:02:55: Error: Cannot find module 'express'
2025-08-08T19:02:55: Require stack:
2025-08-08T19:02:55: - /home/haresh/Desktop/services/backend/sellers/app.js
2025-08-08T19:02:55: - /home/haresh/Desktop/services/backend/sellers/index.js
2025-08-08T19:02:55:     at Module._resolveFilename (node:internal/modules/cjs/loader:1405:15)
2025-08-08T19:02:55:     at Hook._require.Module.require (/home/haresh/.nvm/versions/node/v24.1.0/lib/node_modules/pm2/node_modules/require-in-the-middle/index.js:81:25)
2025-08-08T19:02:55:     at require (node:internal/modules/helpers:135:16)
2025-08-08T19:02:55:     at Object.<anonymous> (/home/haresh/Desktop/services/backend/sellers/app.js:6:17)
2025-08-08T19:02:55:     at Module._compile (node:internal/modules/cjs/loader:1734:14)
2025-08-08T19:02:55:     at Object..js (node:internal/modules/cjs/loader:1899:10)
2025-08-08T19:02:55:     at Module.load (node:internal/modules/cjs/loader:1469:32)
2025-08-08T19:02:55:     at Module._load (node:internal/modules/cjs/loader:1286:12)
2025-08-08T19:02:55:     at TracingChannel.traceSync (node:diagnostics_channel:322:14)
2025-08-08T19:02:55:     at wrapModuleLoad (node:internal/modules/cjs/loader:235:24) {
2025-08-08T19:02:55:   code: 'MODULE_NOT_FOUND',
2025-08-08T19:02:55:   requireStack: [
2025-08-08T19:02:55:     '/home/haresh/Desktop/services/backend/sellers/app.js',
2025-08-08T19:02:55:     '/home/haresh/Desktop/services/backend/sellers/index.js'
2025-08-08T19:02:55:   ]
2025-08-08T19:02:55: }
2025-08-08T19:03:00: Error: Cannot find module 'express'
2025-08-08T19:03:00: Require stack:
2025-08-08T19:03:00: - /home/haresh/Desktop/services/backend/sellers/app.js
2025-08-08T19:03:00: - /home/haresh/Desktop/services/backend/sellers/index.js
2025-08-08T19:03:00:     at Module._resolveFilename (node:internal/modules/cjs/loader:1405:15)
2025-08-08T19:03:00:     at Hook._require.Module.require (/home/haresh/.nvm/versions/node/v24.1.0/lib/node_modules/pm2/node_modules/require-in-the-middle/index.js:81:25)
2025-08-08T19:03:00:     at require (node:internal/modules/helpers:135:16)
2025-08-08T19:03:00:     at Object.<anonymous> (/home/haresh/Desktop/services/backend/sellers/app.js:6:17)
2025-08-08T19:03:00:     at Module._compile (node:internal/modules/cjs/loader:1734:14)
2025-08-08T19:03:00:     at Object..js (node:internal/modules/cjs/loader:1899:10)
2025-08-08T19:03:00:     at Module.load (node:internal/modules/cjs/loader:1469:32)
2025-08-08T19:03:00:     at Module._load (node:internal/modules/cjs/loader:1286:12)
2025-08-08T19:03:00:     at TracingChannel.traceSync (node:diagnostics_channel:322:14)
2025-08-08T19:03:00:     at wrapModuleLoad (node:internal/modules/cjs/loader:235:24) {
2025-08-08T19:03:00:   code: 'MODULE_NOT_FOUND',
2025-08-08T19:03:00:   requireStack: [
2025-08-08T19:03:00:     '/home/haresh/Desktop/services/backend/sellers/app.js',
2025-08-08T19:03:00:     '/home/haresh/Desktop/services/backend/sellers/index.js'
2025-08-08T19:03:00:   ]
2025-08-08T19:03:00: }
2025-08-08T19:03:04: Error: Cannot find module 'express'
2025-08-08T19:03:04: Require stack:
2025-08-08T19:03:04: - /home/haresh/Desktop/services/backend/sellers/app.js
2025-08-08T19:03:04: - /home/haresh/Desktop/services/backend/sellers/index.js
2025-08-08T19:03:04:     at Module._resolveFilename (node:internal/modules/cjs/loader:1405:15)
2025-08-08T19:03:04:     at Hook._require.Module.require (/home/haresh/.nvm/versions/node/v24.1.0/lib/node_modules/pm2/node_modules/require-in-the-middle/index.js:81:25)
2025-08-08T19:03:04:     at require (node:internal/modules/helpers:135:16)
2025-08-08T19:03:04:     at Object.<anonymous> (/home/haresh/Desktop/services/backend/sellers/app.js:6:17)
2025-08-08T19:03:04:     at Module._compile (node:internal/modules/cjs/loader:1734:14)
2025-08-08T19:03:04:     at Object..js (node:internal/modules/cjs/loader:1899:10)
2025-08-08T19:03:04:     at Module.load (node:internal/modules/cjs/loader:1469:32)
2025-08-08T19:03:04:     at Module._load (node:internal/modules/cjs/loader:1286:12)
2025-08-08T19:03:04:     at TracingChannel.traceSync (node:diagnostics_channel:322:14)
2025-08-08T19:03:04:     at wrapModuleLoad (node:internal/modules/cjs/loader:235:24) {
2025-08-08T19:03:04:   code: 'MODULE_NOT_FOUND',
2025-08-08T19:03:04:   requireStack: [
2025-08-08T19:03:04:     '/home/haresh/Desktop/services/backend/sellers/app.js',
2025-08-08T19:03:04:     '/home/haresh/Desktop/services/backend/sellers/index.js'
2025-08-08T19:03:04:   ]
2025-08-08T19:03:04: }
